teste/frontend/android/app/build/intermediates/manifest_merge_blame_file/debug/processDebugMainManifest/manifest-merger-blame-debug-report.txt
1<?xml version="1.0" encoding="utf-8"?>
2<manifest xmlns:android="http://schemas.android.com/apk/res/android"
3    package="com.anonymous.teste"
4    android:versionCode="1"
5    android:versionName="1.0.0" >
6
7    <uses-sdk
8        android:minSdkVersion="24"
9        android:targetSdkVersion="35" />
10
11    <uses-permission android:name="android.permission.SYSTEM_ALERT_WINDOW" />
11-->src\main\AndroidManifest.xml:6:3-76
11-->src\main\AndroidManifest.xml:6:20-73
12    <uses-permission android:name="android.permission.ACCESS_COARSE_LOCATION" />
12-->src\main\AndroidManifest.xml:2:3-78
12-->src\main\AndroidManifest.xml:2:20-76
13    <uses-permission android:name="android.permission.ACCESS_FINE_LOCATION" />
13-->src\main\AndroidManifest.xml:3:3-76
13-->src\main\AndroidManifest.xml:3:20-74
14    <uses-permission android:name="android.permission.CAMERA" />
14-->src\main\AndroidManifest.xml:4:3-62
14-->src\main\AndroidManifest.xml:4:20-60
15    <uses-permission android:name="android.permission.INTERNET" />
15-->src\main\AndroidManifest.xml:5:3-64
15-->src\main\AndroidManifest.xml:5:20-62
16    <uses-permission android:name="android.permission.READ_CONTACTS" />
16-->src\main\AndroidManifest.xml:7:3-69
16-->src\main\AndroidManifest.xml:7:20-67
17    <uses-permission android:name="android.permission.READ_EXTERNAL_STORAGE" />
17-->src\main\AndroidManifest.xml:8:3-77
17-->src\main\AndroidManifest.xml:8:20-75
18    <uses-permission android:name="android.permission.RECORD_AUDIO" />
18-->src\main\AndroidManifest.xml:9:3-68
18-->src\main\AndroidManifest.xml:9:20-66
19    <uses-permission android:name="android.permission.VIBRATE" />
19-->src\main\AndroidManifest.xml:11:3-63
19-->src\main\AndroidManifest.xml:11:20-61
20    <uses-permission android:name="android.permission.WRITE_CONTACTS" />
20-->src\main\AndroidManifest.xml:12:3-70
20-->src\main\AndroidManifest.xml:12:20-68
21    <uses-permission android:name="android.permission.WRITE_EXTERNAL_STORAGE" />
21-->src\main\AndroidManifest.xml:13:3-78
21-->src\main\AndroidManifest.xml:13:20-76
22
23    <queries>
23-->src\main\AndroidManifest.xml:14:3-20:13
24        <intent>
24-->src\main\AndroidManifest.xml:15:5-19:14
25            <action android:name="android.intent.action.VIEW" />
25-->src\main\AndroidManifest.xml:16:7-58
25-->src\main\AndroidManifest.xml:16:15-56
26
27            <category android:name="android.intent.category.BROWSABLE" />
27-->src\main\AndroidManifest.xml:17:7-67
27-->src\main\AndroidManifest.xml:17:17-65
28
29            <data android:scheme="https" />
29-->src\main\AndroidManifest.xml:18:7-37
29-->src\main\AndroidManifest.xml:18:13-35
30        </intent>
31
32        <package android:name="host.exp.exponent" />
32-->[:expo-dev-launcher] AndroidManifest.xml:8:9-53
32-->[:expo-dev-launcher] AndroidManifest.xml:8:18-50
33
34        <intent>
34-->[host.exp.exponent:expo.modules.contacts:14.2.5] AndroidManifest.xml:8:9-14:18
35            <action android:name="android.intent.action.SEND" />
35-->[host.exp.exponent:expo.modules.contacts:14.2.5] AndroidManifest.xml:9:13-65
35-->[host.exp.exponent:expo.modules.contacts:14.2.5] AndroidManifest.xml:9:21-62
36
37            <category android:name="android.intent.category.DEFAULT" />
37-->src\main\AndroidManifest.xml:32:9-67
37-->src\main\AndroidManifest.xml:32:19-65
38
39            <data android:mimeType="application/octet-stream" />
39-->src\main\AndroidManifest.xml:18:7-37
40        </intent>
41        <intent>
41-->[host.exp.exponent:expo.modules.contacts:14.2.5] AndroidManifest.xml:15:9-21:18
42            <action android:name="android.intent.action.SEND" />
42-->[host.exp.exponent:expo.modules.contacts:14.2.5] AndroidManifest.xml:9:13-65
42-->[host.exp.exponent:expo.modules.contacts:14.2.5] AndroidManifest.xml:9:21-62
43
44            <category android:name="android.intent.category.DEFAULT" />
44-->src\main\AndroidManifest.xml:32:9-67
44-->src\main\AndroidManifest.xml:32:19-65
45
46            <data android:mimeType="text/x-vcard" />
46-->src\main\AndroidManifest.xml:18:7-37
47        </intent>
48        <intent>
48-->[host.exp.exponent:expo.modules.contacts:14.2.5] AndroidManifest.xml:22:9-28:18
49            <action android:name="android.intent.action.SEND" />
49-->[host.exp.exponent:expo.modules.contacts:14.2.5] AndroidManifest.xml:9:13-65
49-->[host.exp.exponent:expo.modules.contacts:14.2.5] AndroidManifest.xml:9:21-62
50
51            <category android:name="android.intent.category.DEFAULT" />
51-->src\main\AndroidManifest.xml:32:9-67
51-->src\main\AndroidManifest.xml:32:19-65
52
53            <data android:mimeType="text/vcard" />
53-->src\main\AndroidManifest.xml:18:7-37
54        </intent>
55        <intent>
55-->[host.exp.exponent:expo.modules.contacts:14.2.5] AndroidManifest.xml:29:9-31:18
56            <action android:name="android.intent.action.EDIT" />
56-->[host.exp.exponent:expo.modules.contacts:14.2.5] AndroidManifest.xml:30:13-65
56-->[host.exp.exponent:expo.modules.contacts:14.2.5] AndroidManifest.xml:30:21-62
57        </intent>
58        <intent>
58-->[host.exp.exponent:expo.modules.contacts:14.2.5] AndroidManifest.xml:32:9-34:18
59            <action android:name="android.intent.action.INSERT" />
59-->[host.exp.exponent:expo.modules.contacts:14.2.5] AndroidManifest.xml:33:13-67
59-->[host.exp.exponent:expo.modules.contacts:14.2.5] AndroidManifest.xml:33:21-64
60        </intent> <!-- Query open documents -->
61        <intent>
61-->[host.exp.exponent:expo.modules.documentpicker:13.1.6] AndroidManifest.xml:10:9-17:18
62            <action android:name="android.intent.action.OPEN_DOCUMENT" />
62-->[host.exp.exponent:expo.modules.documentpicker:13.1.6] AndroidManifest.xml:11:13-74
62-->[host.exp.exponent:expo.modules.documentpicker:13.1.6] AndroidManifest.xml:11:21-71
63
64            <category android:name="android.intent.category.DEFAULT" />
64-->src\main\AndroidManifest.xml:32:9-67
64-->src\main\AndroidManifest.xml:32:19-65
65            <category android:name="android.intent.category.OPENABLE" />
65-->[host.exp.exponent:expo.modules.documentpicker:13.1.6] AndroidManifest.xml:14:13-73
65-->[host.exp.exponent:expo.modules.documentpicker:13.1.6] AndroidManifest.xml:14:23-70
66
67            <data android:mimeType="*/*" />
67-->src\main\AndroidManifest.xml:18:7-37
68        </intent> <!-- Query open documents -->
69        <intent>
69-->[host.exp.exponent:expo.modules.filesystem:18.1.11] AndroidManifest.xml:15:9-17:18
70            <action android:name="android.intent.action.OPEN_DOCUMENT_TREE" />
70-->[host.exp.exponent:expo.modules.filesystem:18.1.11] AndroidManifest.xml:16:13-79
70-->[host.exp.exponent:expo.modules.filesystem:18.1.11] AndroidManifest.xml:16:21-76
71        </intent>
72        <intent>
72-->[host.exp.exponent:expo.modules.imagepicker:16.1.4] AndroidManifest.xml:15:9-19:18
73
74            <!-- Required for picking images from the camera roll if targeting API 30 -->
75            <action android:name="android.media.action.IMAGE_CAPTURE" />
75-->[host.exp.exponent:expo.modules.imagepicker:16.1.4] AndroidManifest.xml:18:13-73
75-->[host.exp.exponent:expo.modules.imagepicker:16.1.4] AndroidManifest.xml:18:21-70
76        </intent>
77        <intent>
77-->[host.exp.exponent:expo.modules.imagepicker:16.1.4] AndroidManifest.xml:20:9-24:18
78
79            <!-- Required for picking images from the camera if targeting API 30 -->
80            <action android:name="android.media.action.ACTION_VIDEO_CAPTURE" />
80-->[host.exp.exponent:expo.modules.imagepicker:16.1.4] AndroidManifest.xml:23:13-80
80-->[host.exp.exponent:expo.modules.imagepicker:16.1.4] AndroidManifest.xml:23:21-77
81        </intent>
82        <intent>
82-->[host.exp.exponent:expo.modules.sharing:13.1.5] AndroidManifest.xml:8:9-14:18
83
84            <!-- Required for file sharing if targeting API 30 -->
85            <action android:name="android.intent.action.SEND" />
85-->[host.exp.exponent:expo.modules.contacts:14.2.5] AndroidManifest.xml:9:13-65
85-->[host.exp.exponent:expo.modules.contacts:14.2.5] AndroidManifest.xml:9:21-62
86
87            <data android:mimeType="*/*" />
87-->src\main\AndroidManifest.xml:18:7-37
88        </intent>
89        <intent>
89-->[androidx.camera:camera-extensions:1.4.1] AndroidManifest.xml:23:9-25:18
90            <action android:name="androidx.camera.extensions.action.VENDOR_ACTION" />
90-->[androidx.camera:camera-extensions:1.4.1] AndroidManifest.xml:24:13-86
90-->[androidx.camera:camera-extensions:1.4.1] AndroidManifest.xml:24:21-83
91        </intent>
92        <intent>
92-->[com.vanniktech:android-image-cropper:4.6.0] AndroidManifest.xml:8:9-14:18
93            <action android:name="android.intent.action.GET_CONTENT" />
93-->[com.vanniktech:android-image-cropper:4.6.0] AndroidManifest.xml:9:13-72
93-->[com.vanniktech:android-image-cropper:4.6.0] AndroidManifest.xml:9:21-69
94
95            <category android:name="android.intent.category.OPENABLE" />
95-->[host.exp.exponent:expo.modules.documentpicker:13.1.6] AndroidManifest.xml:14:13-73
95-->[host.exp.exponent:expo.modules.documentpicker:13.1.6] AndroidManifest.xml:14:23-70
96
97            <data android:mimeType="*/*" />
97-->src\main\AndroidManifest.xml:18:7-37
98        </intent>
99    </queries>
100
101    <uses-permission android:name="android.permission.ACTIVITY_RECOGNITION" />
101-->[host.exp.exponent:expo.modules.sensors:14.1.4] AndroidManifest.xml:7:5-79
101-->[host.exp.exponent:expo.modules.sensors:14.1.4] AndroidManifest.xml:7:22-76
102
103    <permission
103-->[androidx.core:core:1.13.1] AndroidManifest.xml:22:5-24:47
104        android:name="com.anonymous.teste.DYNAMIC_RECEIVER_NOT_EXPORTED_PERMISSION"
104-->[androidx.core:core:1.13.1] AndroidManifest.xml:23:9-81
105        android:protectionLevel="signature" />
105-->[androidx.core:core:1.13.1] AndroidManifest.xml:24:9-44
106
107    <uses-permission android:name="com.anonymous.teste.DYNAMIC_RECEIVER_NOT_EXPORTED_PERMISSION" /> <!-- Although the *SdkVersion is captured in gradle build files, this is required for non gradle builds -->
107-->[androidx.core:core:1.13.1] AndroidManifest.xml:26:5-97
107-->[androidx.core:core:1.13.1] AndroidManifest.xml:26:22-94
108    <!-- <uses-sdk android:minSdkVersion="14"/> -->
109    <uses-permission android:name="android.permission.ACCESS_NETWORK_STATE" />
109-->[com.google.android.datatransport:transport-backend-cct:2.3.3] AndroidManifest.xml:25:5-79
109-->[com.google.android.datatransport:transport-backend-cct:2.3.3] AndroidManifest.xml:25:22-76
110
111    <application
111-->src\main\AndroidManifest.xml:21:3-37:17
112        android:name="com.anonymous.teste.MainApplication"
112-->src\main\AndroidManifest.xml:21:16-47
113        android:allowBackup="true"
113-->src\main\AndroidManifest.xml:21:162-188
114        android:appComponentFactory="androidx.core.app.CoreComponentFactory"
114-->[androidx.core:core:1.13.1] AndroidManifest.xml:28:18-86
115        android:debuggable="true"
116        android:extractNativeLibs="false"
117        android:icon="@mipmap/ic_launcher"
117-->src\main\AndroidManifest.xml:21:81-115
118        android:label="@string/app_name"
118-->src\main\AndroidManifest.xml:21:48-80
119        android:roundIcon="@mipmap/ic_launcher_round"
119-->src\main\AndroidManifest.xml:21:116-161
120        android:supportsRtl="true"
120-->src\main\AndroidManifest.xml:21:221-247
121        android:theme="@style/AppTheme"
121-->src\main\AndroidManifest.xml:21:189-220
122        android:usesCleartextTraffic="true" >
122-->src\debug\AndroidManifest.xml:6:18-53
123        <meta-data
123-->src\main\AndroidManifest.xml:22:5-83
124            android:name="expo.modules.updates.ENABLED"
124-->src\main\AndroidManifest.xml:22:16-59
125            android:value="false" />
125-->src\main\AndroidManifest.xml:22:60-81
126        <meta-data
126-->src\main\AndroidManifest.xml:23:5-105
127            android:name="expo.modules.updates.EXPO_UPDATES_CHECK_ON_LAUNCH"
127-->src\main\AndroidManifest.xml:23:16-80
128            android:value="ALWAYS" />
128-->src\main\AndroidManifest.xml:23:81-103
129        <meta-data
129-->src\main\AndroidManifest.xml:24:5-99
130            android:name="expo.modules.updates.EXPO_UPDATES_LAUNCH_WAIT_MS"
130-->src\main\AndroidManifest.xml:24:16-79
131            android:value="0" />
131-->src\main\AndroidManifest.xml:24:80-97
132
133        <activity
133-->src\main\AndroidManifest.xml:25:5-36:16
134            android:name="com.anonymous.teste.MainActivity"
134-->src\main\AndroidManifest.xml:25:15-43
135            android:configChanges="keyboard|keyboardHidden|orientation|screenSize|screenLayout|uiMode"
135-->src\main\AndroidManifest.xml:25:44-134
136            android:exported="true"
136-->src\main\AndroidManifest.xml:25:256-279
137            android:launchMode="singleTask"
137-->src\main\AndroidManifest.xml:25:135-166
138            android:screenOrientation="portrait"
138-->src\main\AndroidManifest.xml:25:280-316
139            android:theme="@style/Theme.App.SplashScreen"
139-->src\main\AndroidManifest.xml:25:210-255
140            android:windowSoftInputMode="adjustResize" >
140-->src\main\AndroidManifest.xml:25:167-209
141            <intent-filter>
141-->src\main\AndroidManifest.xml:26:7-29:23
142                <action android:name="android.intent.action.MAIN" />
142-->src\main\AndroidManifest.xml:27:9-60
142-->src\main\AndroidManifest.xml:27:17-58
143
144                <category android:name="android.intent.category.LAUNCHER" />
144-->src\main\AndroidManifest.xml:28:9-68
144-->src\main\AndroidManifest.xml:28:19-66
145            </intent-filter>
146            <intent-filter>
146-->src\main\AndroidManifest.xml:30:7-35:23
147                <action android:name="android.intent.action.VIEW" />
147-->src\main\AndroidManifest.xml:16:7-58
147-->src\main\AndroidManifest.xml:16:15-56
148
149                <category android:name="android.intent.category.DEFAULT" />
149-->src\main\AndroidManifest.xml:32:9-67
149-->src\main\AndroidManifest.xml:32:19-65
150                <category android:name="android.intent.category.BROWSABLE" />
150-->src\main\AndroidManifest.xml:17:7-67
150-->src\main\AndroidManifest.xml:17:17-65
151
152                <data android:scheme="exp+teste" />
152-->src\main\AndroidManifest.xml:18:7-37
152-->src\main\AndroidManifest.xml:18:13-35
153            </intent-filter>
154        </activity>
155        <activity
155-->[:expo-dev-launcher] AndroidManifest.xml:12:9-25:20
156            android:name="expo.modules.devlauncher.launcher.DevLauncherActivity"
156-->[:expo-dev-launcher] AndroidManifest.xml:13:13-81
157            android:exported="true"
157-->[:expo-dev-launcher] AndroidManifest.xml:14:13-36
158            android:launchMode="singleTask"
158-->[:expo-dev-launcher] AndroidManifest.xml:15:13-44
159            android:theme="@style/Theme.DevLauncher.LauncherActivity" >
159-->[:expo-dev-launcher] AndroidManifest.xml:16:13-70
160            <intent-filter>
160-->[:expo-dev-launcher] AndroidManifest.xml:17:13-24:29
161                <action android:name="android.intent.action.VIEW" />
161-->src\main\AndroidManifest.xml:16:7-58
161-->src\main\AndroidManifest.xml:16:15-56
162
163                <category android:name="android.intent.category.DEFAULT" />
163-->src\main\AndroidManifest.xml:32:9-67
163-->src\main\AndroidManifest.xml:32:19-65
164                <category android:name="android.intent.category.BROWSABLE" />
164-->src\main\AndroidManifest.xml:17:7-67
164-->src\main\AndroidManifest.xml:17:17-65
165
166                <data android:scheme="expo-dev-launcher" />
166-->src\main\AndroidManifest.xml:18:7-37
166-->src\main\AndroidManifest.xml:18:13-35
167            </intent-filter>
168        </activity>
169        <activity
169-->[:expo-dev-launcher] AndroidManifest.xml:26:9-29:70
170            android:name="expo.modules.devlauncher.launcher.errors.DevLauncherErrorActivity"
170-->[:expo-dev-launcher] AndroidManifest.xml:27:13-93
171            android:screenOrientation="portrait"
171-->[:expo-dev-launcher] AndroidManifest.xml:28:13-49
172            android:theme="@style/Theme.DevLauncher.ErrorActivity" />
172-->[:expo-dev-launcher] AndroidManifest.xml:29:13-67
173        <activity
173-->[:expo-dev-menu] AndroidManifest.xml:8:9-21:20
174            android:name="expo.modules.devmenu.DevMenuActivity"
174-->[:expo-dev-menu] AndroidManifest.xml:9:13-64
175            android:exported="true"
175-->[:expo-dev-menu] AndroidManifest.xml:10:13-36
176            android:launchMode="singleTask"
176-->[:expo-dev-menu] AndroidManifest.xml:11:13-44
177            android:theme="@style/Theme.AppCompat.Transparent.NoActionBar" >
177-->[:expo-dev-menu] AndroidManifest.xml:12:13-75
178            <intent-filter>
178-->[:expo-dev-menu] AndroidManifest.xml:13:13-20:29
179                <action android:name="android.intent.action.VIEW" />
179-->src\main\AndroidManifest.xml:16:7-58
179-->src\main\AndroidManifest.xml:16:15-56
180
181                <category android:name="android.intent.category.DEFAULT" />
181-->src\main\AndroidManifest.xml:32:9-67
181-->src\main\AndroidManifest.xml:32:19-65
182                <category android:name="android.intent.category.BROWSABLE" />
182-->src\main\AndroidManifest.xml:17:7-67
182-->src\main\AndroidManifest.xml:17:17-65
183
184                <data android:scheme="expo-dev-menu" />
184-->src\main\AndroidManifest.xml:18:7-37
184-->src\main\AndroidManifest.xml:18:13-35
185            </intent-filter>
186        </activity>
187
188        <meta-data
188-->[:expo-modules-core] AndroidManifest.xml:9:9-11:89
189            android:name="org.unimodules.core.AppLoader#react-native-headless"
189-->[:expo-modules-core] AndroidManifest.xml:10:13-79
190            android:value="expo.modules.adapters.react.apploader.RNHeadlessAppLoader" />
190-->[:expo-modules-core] AndroidManifest.xml:11:13-86
191        <meta-data
191-->[:expo-modules-core] AndroidManifest.xml:12:9-15:45
192            android:name="com.facebook.soloader.enabled"
192-->[:expo-modules-core] AndroidManifest.xml:13:13-57
193            android:value="true" />
193-->[:expo-modules-core] AndroidManifest.xml:14:13-33
194
195        <activity
195-->[com.facebook.react:react-android:0.79.4] AndroidManifest.xml:19:9-21:40
196            android:name="com.facebook.react.devsupport.DevSettingsActivity"
196-->[com.facebook.react:react-android:0.79.4] AndroidManifest.xml:20:13-77
197            android:exported="false" />
197-->[com.facebook.react:react-android:0.79.4] AndroidManifest.xml:21:13-37
198
199        <meta-data
199-->[host.exp.exponent:expo.modules.camera:16.1.11] AndroidManifest.xml:11:9-13:42
200            android:name="com.google.mlkit.vision.DEPENDENCIES"
200-->[host.exp.exponent:expo.modules.camera:16.1.11] AndroidManifest.xml:12:13-64
201            android:value="barcode_ui" />
201-->[host.exp.exponent:expo.modules.camera:16.1.11] AndroidManifest.xml:13:13-39
202
203        <provider
203-->[host.exp.exponent:expo.modules.filesystem:18.1.11] AndroidManifest.xml:21:9-30:20
204            android:name="expo.modules.filesystem.FileSystemFileProvider"
204-->[host.exp.exponent:expo.modules.filesystem:18.1.11] AndroidManifest.xml:22:13-74
205            android:authorities="com.anonymous.teste.FileSystemFileProvider"
205-->[host.exp.exponent:expo.modules.filesystem:18.1.11] AndroidManifest.xml:23:13-74
206            android:exported="false"
206-->[host.exp.exponent:expo.modules.filesystem:18.1.11] AndroidManifest.xml:24:13-37
207            android:grantUriPermissions="true" >
207-->[host.exp.exponent:expo.modules.filesystem:18.1.11] AndroidManifest.xml:25:13-47
208            <meta-data
208-->[host.exp.exponent:expo.modules.filesystem:18.1.11] AndroidManifest.xml:27:13-29:70
209                android:name="android.support.FILE_PROVIDER_PATHS"
209-->[host.exp.exponent:expo.modules.filesystem:18.1.11] AndroidManifest.xml:28:17-67
210                android:resource="@xml/file_system_provider_paths" />
210-->[host.exp.exponent:expo.modules.filesystem:18.1.11] AndroidManifest.xml:29:17-67
211        </provider>
212
213        <service
213-->[host.exp.exponent:expo.modules.imagepicker:16.1.4] AndroidManifest.xml:28:9-40:19
214            android:name="com.google.android.gms.metadata.ModuleDependencies"
214-->[host.exp.exponent:expo.modules.imagepicker:16.1.4] AndroidManifest.xml:29:13-78
215            android:enabled="false"
215-->[host.exp.exponent:expo.modules.imagepicker:16.1.4] AndroidManifest.xml:30:13-36
216            android:exported="false" >
216-->[host.exp.exponent:expo.modules.imagepicker:16.1.4] AndroidManifest.xml:31:13-37
217            <intent-filter>
217-->[host.exp.exponent:expo.modules.imagepicker:16.1.4] AndroidManifest.xml:33:13-35:29
218                <action android:name="com.google.android.gms.metadata.MODULE_DEPENDENCIES" />
218-->[host.exp.exponent:expo.modules.imagepicker:16.1.4] AndroidManifest.xml:34:17-94
218-->[host.exp.exponent:expo.modules.imagepicker:16.1.4] AndroidManifest.xml:34:25-91
219            </intent-filter>
220
221            <meta-data
221-->[host.exp.exponent:expo.modules.imagepicker:16.1.4] AndroidManifest.xml:37:13-39:36
222                android:name="photopicker_activity:0:required"
222-->[host.exp.exponent:expo.modules.imagepicker:16.1.4] AndroidManifest.xml:38:17-63
223                android:value="" />
223-->[host.exp.exponent:expo.modules.imagepicker:16.1.4] AndroidManifest.xml:39:17-33
224        </service>
225
226        <activity
226-->[host.exp.exponent:expo.modules.imagepicker:16.1.4] AndroidManifest.xml:42:9-44:59
227            android:name="com.canhub.cropper.CropImageActivity"
227-->[host.exp.exponent:expo.modules.imagepicker:16.1.4] AndroidManifest.xml:43:13-64
228            android:exported="true"
228-->[com.vanniktech:android-image-cropper:4.6.0] AndroidManifest.xml:33:13-36
229            android:theme="@style/Base.Theme.AppCompat" /> <!-- https://developer.android.com/guide/topics/manifest/provider-element.html -->
229-->[host.exp.exponent:expo.modules.imagepicker:16.1.4] AndroidManifest.xml:44:13-56
230        <provider
230-->[host.exp.exponent:expo.modules.imagepicker:16.1.4] AndroidManifest.xml:46:9-54:20
231            android:name="expo.modules.imagepicker.fileprovider.ImagePickerFileProvider"
231-->[host.exp.exponent:expo.modules.imagepicker:16.1.4] AndroidManifest.xml:47:13-89
232            android:authorities="com.anonymous.teste.ImagePickerFileProvider"
232-->[host.exp.exponent:expo.modules.imagepicker:16.1.4] AndroidManifest.xml:48:13-75
233            android:exported="false"
233-->[host.exp.exponent:expo.modules.imagepicker:16.1.4] AndroidManifest.xml:49:13-37
234            android:grantUriPermissions="true" >
234-->[host.exp.exponent:expo.modules.imagepicker:16.1.4] AndroidManifest.xml:50:13-47
235            <meta-data
235-->[host.exp.exponent:expo.modules.filesystem:18.1.11] AndroidManifest.xml:27:13-29:70
236                android:name="android.support.FILE_PROVIDER_PATHS"
236-->[host.exp.exponent:expo.modules.filesystem:18.1.11] AndroidManifest.xml:28:17-67
237                android:resource="@xml/image_picker_provider_paths" />
237-->[host.exp.exponent:expo.modules.filesystem:18.1.11] AndroidManifest.xml:29:17-67
238        </provider>
239
240        <service
240-->[host.exp.exponent:expo.modules.location:18.1.6] AndroidManifest.xml:11:9-14:56
241            android:name="expo.modules.location.services.LocationTaskService"
241-->[host.exp.exponent:expo.modules.location:18.1.6] AndroidManifest.xml:12:13-78
242            android:exported="false"
242-->[host.exp.exponent:expo.modules.location:18.1.6] AndroidManifest.xml:13:13-37
243            android:foregroundServiceType="location" />
243-->[host.exp.exponent:expo.modules.location:18.1.6] AndroidManifest.xml:14:13-53
244
245        <provider
245-->[host.exp.exponent:expo.modules.sharing:13.1.5] AndroidManifest.xml:18:9-26:20
246            android:name="expo.modules.sharing.SharingFileProvider"
246-->[host.exp.exponent:expo.modules.sharing:13.1.5] AndroidManifest.xml:19:13-68
247            android:authorities="com.anonymous.teste.SharingFileProvider"
247-->[host.exp.exponent:expo.modules.sharing:13.1.5] AndroidManifest.xml:20:13-71
248            android:exported="false"
248-->[host.exp.exponent:expo.modules.sharing:13.1.5] AndroidManifest.xml:21:13-37
249            android:grantUriPermissions="true" >
249-->[host.exp.exponent:expo.modules.sharing:13.1.5] AndroidManifest.xml:22:13-47
250            <meta-data
250-->[host.exp.exponent:expo.modules.filesystem:18.1.11] AndroidManifest.xml:27:13-29:70
251                android:name="android.support.FILE_PROVIDER_PATHS"
251-->[host.exp.exponent:expo.modules.filesystem:18.1.11] AndroidManifest.xml:28:17-67
252                android:resource="@xml/sharing_provider_paths" />
252-->[host.exp.exponent:expo.modules.filesystem:18.1.11] AndroidManifest.xml:29:17-67
253        </provider>
254
255        <uses-library
255-->[androidx.camera:camera-extensions:1.4.1] AndroidManifest.xml:29:9-31:40
256            android:name="androidx.camera.extensions.impl"
256-->[androidx.camera:camera-extensions:1.4.1] AndroidManifest.xml:30:13-59
257            android:required="false" />
257-->[androidx.camera:camera-extensions:1.4.1] AndroidManifest.xml:31:13-37
258
259        <service
259-->[androidx.camera:camera-camera2:1.4.1] AndroidManifest.xml:24:9-33:19
260            android:name="androidx.camera.core.impl.MetadataHolderService"
260-->[androidx.camera:camera-camera2:1.4.1] AndroidManifest.xml:25:13-75
261            android:enabled="false"
261-->[androidx.camera:camera-camera2:1.4.1] AndroidManifest.xml:26:13-36
262            android:exported="false" >
262-->[androidx.camera:camera-camera2:1.4.1] AndroidManifest.xml:27:13-37
263            <meta-data
263-->[androidx.camera:camera-camera2:1.4.1] AndroidManifest.xml:30:13-32:89
264                android:name="androidx.camera.core.impl.MetadataHolderService.DEFAULT_CONFIG_PROVIDER"
264-->[androidx.camera:camera-camera2:1.4.1] AndroidManifest.xml:31:17-103
265                android:value="androidx.camera.camera2.Camera2Config$DefaultProvider" />
265-->[androidx.camera:camera-camera2:1.4.1] AndroidManifest.xml:32:17-86
266        </service>
267
268        <provider
268-->[com.vanniktech:android-image-cropper:4.6.0] AndroidManifest.xml:21:9-29:20
269            android:name="com.canhub.cropper.CropFileProvider"
269-->[com.vanniktech:android-image-cropper:4.6.0] AndroidManifest.xml:22:13-63
270            android:authorities="com.anonymous.teste.cropper.fileprovider"
270-->[com.vanniktech:android-image-cropper:4.6.0] AndroidManifest.xml:23:13-72
271            android:exported="false"
271-->[com.vanniktech:android-image-cropper:4.6.0] AndroidManifest.xml:24:13-37
272            android:grantUriPermissions="true" >
272-->[com.vanniktech:android-image-cropper:4.6.0] AndroidManifest.xml:25:13-47
273            <meta-data
273-->[host.exp.exponent:expo.modules.filesystem:18.1.11] AndroidManifest.xml:27:13-29:70
274                android:name="android.support.FILE_PROVIDER_PATHS"
274-->[host.exp.exponent:expo.modules.filesystem:18.1.11] AndroidManifest.xml:28:17-67
275                android:resource="@xml/library_file_paths" />
275-->[host.exp.exponent:expo.modules.filesystem:18.1.11] AndroidManifest.xml:29:17-67
276        </provider>
277        <!--
278        This activity is an invisible delegate activity to start scanner activity
279        and receive result, so it's unnecessary to support screen orientation and
280        we can avoid any side effect from activity recreation in any case.
281        -->
282        <activity
282-->[com.google.android.gms:play-services-code-scanner:16.1.0] AndroidManifest.xml:15:9-20:20
283            android:name="com.google.mlkit.vision.codescanner.internal.GmsBarcodeScanningDelegateActivity"
283-->[com.google.android.gms:play-services-code-scanner:16.1.0] AndroidManifest.xml:16:13-107
284            android:exported="false"
284-->[com.google.android.gms:play-services-code-scanner:16.1.0] AndroidManifest.xml:17:13-37
285            android:screenOrientation="portrait" >
285-->[com.google.android.gms:play-services-code-scanner:16.1.0] AndroidManifest.xml:18:13-49
286        </activity>
287
288        <service
288-->[com.google.android.gms:play-services-mlkit-barcode-scanning:18.3.1] AndroidManifest.xml:9:9-15:19
289            android:name="com.google.mlkit.common.internal.MlKitComponentDiscoveryService"
289-->[com.google.android.gms:play-services-mlkit-barcode-scanning:18.3.1] AndroidManifest.xml:10:13-91
290            android:directBootAware="true"
290-->[com.google.mlkit:common:18.11.0] AndroidManifest.xml:17:13-43
291            android:exported="false" >
291-->[com.google.android.gms:play-services-mlkit-barcode-scanning:18.3.1] AndroidManifest.xml:11:13-37
292            <meta-data
292-->[com.google.android.gms:play-services-mlkit-barcode-scanning:18.3.1] AndroidManifest.xml:12:13-14:85
293                android:name="com.google.firebase.components:com.google.mlkit.vision.barcode.internal.BarcodeRegistrar"
293-->[com.google.android.gms:play-services-mlkit-barcode-scanning:18.3.1] AndroidManifest.xml:13:17-120
294                android:value="com.google.firebase.components.ComponentRegistrar" />
294-->[com.google.android.gms:play-services-mlkit-barcode-scanning:18.3.1] AndroidManifest.xml:14:17-82
295            <meta-data
295-->[com.google.mlkit:vision-common:17.3.0] AndroidManifest.xml:12:13-14:85
296                android:name="com.google.firebase.components:com.google.mlkit.vision.common.internal.VisionCommonRegistrar"
296-->[com.google.mlkit:vision-common:17.3.0] AndroidManifest.xml:13:17-124
297                android:value="com.google.firebase.components.ComponentRegistrar" />
297-->[com.google.mlkit:vision-common:17.3.0] AndroidManifest.xml:14:17-82
298            <meta-data